#
# There is insufficient memory for the Java Runtime Environment to continue.
# Native memory allocation (malloc) failed to allocate 2954256 bytes for Chunk::new
# Possible reasons:
#   The system is out of physical RAM or swap space
#   The process is running with CompressedOops enabled, and the Java Heap may be blocking the growth of the native heap
# Possible solutions:
#   Reduce memory load on the system
#   Increase physical memory or swap space
#   Check if swap backing store is full
#   Decrease Java heap size (-Xmx/-Xms)
#   Decrease number of Java threads
#   Decrease Java thread stack sizes (-Xss)
#   Set larger code cache with -XX:ReservedCodeCacheSize=
#   JVM is running with Unscaled Compressed Oops mode in which the Java heap is
#     placed in the first 4GB address space. The Java Heap base address is the
#     maximum limit for the native heap growth. Please use -XX:HeapBaseMinAddress
#     to set the Java Heap base and to place the Java Heap above 4GB virtual address.
# This output file may be truncated or incomplete.
#
#  Out of Memory Error (allocation.cpp:389), pid=6452, tid=0x0000000000001e3c
#
# JRE version: OpenJDK Runtime Environment (8.0_202-b03) (build 1.8.0_202-release-1483-b03)
# Java VM: OpenJDK 64-Bit Server VM (25.202-b03 mixed mode windows-amd64 compressed oops)
# Failed to write core dump. Minidumps are not enabled by default on client versions of Windows
#

---------------  T H R E A D  ---------------

Current thread (0x00000000168bc800):  JavaThread "C2 CompilerThread0" daemon [_thread_in_native, id=7740, stack(0x0000000017e40000,0x0000000017f40000)]

Stack: [0x0000000017e40000,0x0000000017f40000]
[error occurred during error reporting (printing stack bounds), id 0xc0000005]

Native frames: (J=compiled Java code, j=interpreted, Vv=VM code, C=native code)


Current CompileTask:
C2:  25250 8305       4       org.objectweb.asm.ClassReader::readCode (5089 bytes)


---------------  P R O C E S S  ---------------

Java Threads: ( => current thread )
  0x000000001ca2f000 JavaThread "Execution worker for ':' Thread 3" [_thread_in_native, id=2852, stack(0x0000000023a80000,0x0000000023b80000)]
  0x000000001ca2e000 JavaThread "Execution worker for ':' Thread 2" [_thread_blocked, id=1208, stack(0x0000000023980000,0x0000000023a80000)]
  0x000000001ca2d000 JavaThread "Execution worker for ':'" [_thread_in_native, id=8128, stack(0x0000000023880000,0x0000000023980000)]
  0x000000001ca2c800 JavaThread "Cache worker for file content cache (C:\Users\Al-Jadeed Cute\Desktop\ibato\.gradle\5.6.4\fileContent)" [_thread_blocked, id=4896, stack(0x0000000023380000,0x0000000023480000)]
  0x000000001ca25000 JavaThread "Cache worker for file content cache (C:\Users\Al-Jadeed Cute\.gradle\caches\5.6.4\fileContent)" [_thread_blocked, id=4140, stack(0x0000000023280000,0x0000000023380000)]
  0x000000001ca2b800 JavaThread "Memory manager" [_thread_blocked, id=7416, stack(0x0000000023180000,0x0000000023280000)]
  0x000000001ca24000 JavaThread "Cache worker for Build Output Cleanup Cache (C:\Users\Al-Jadeed Cute\Desktop\ibato\.gradle\buildOutputCleanup)" [_thread_blocked, id=5224, stack(0x0000000021200000,0x0000000021300000)]
  0x000000001ca20800 JavaThread "Build operations Thread 4" [_thread_blocked, id=3424, stack(0x0000000020f00000,0x0000000021000000)]
  0x000000001ca23800 JavaThread "Build operations Thread 3" [_thread_blocked, id=5684, stack(0x0000000020e00000,0x0000000020f00000)]
  0x000000001ca27000 JavaThread "Build operations Thread 2" [_thread_blocked, id=3932, stack(0x0000000020d00000,0x0000000020e00000)]
  0x000000001ca1f800 JavaThread "Build operations" [_thread_blocked, id=844, stack(0x0000000020c00000,0x0000000020d00000)]
  0x000000001ca25800 JavaThread "Cache worker for execution history cache (C:\Users\Al-Jadeed Cute\.gradle\caches\5.6.4\executionHistory)" [_thread_blocked, id=6996, stack(0x000000001f930000,0x000000001fa30000)]
  0x000000001ca26800 JavaThread "Cache worker for cache directory md-rule (C:\Users\Al-Jadeed Cute\.gradle\caches\5.6.4\md-rule)" [_thread_blocked, id=8132, stack(0x000000001f830000,0x000000001f930000)]
  0x0000000019a55000 JavaThread "Cache worker for cache directory md-supplier (C:\Users\Al-Jadeed Cute\.gradle\caches\5.6.4\md-supplier)" [_thread_blocked, id=3408, stack(0x000000001f730000,0x000000001f830000)]
  0x0000000019a59000 JavaThread "Cache worker for file hash cache (C:\Users\Al-Jadeed Cute\Desktop\ibato\.gradle\5.6.4\fileHashes)" [_thread_blocked, id=4620, stack(0x000000001d700000,0x000000001d800000)]
  0x0000000019a58000 JavaThread "Cache worker for journal cache (C:\Users\Al-Jadeed Cute\.gradle\caches\journal-1)" [_thread_blocked, id=4348, stack(0x000000001c530000,0x000000001c630000)]
  0x0000000019a56000 JavaThread "File lock request listener" [_thread_in_native, id=1888, stack(0x000000001c430000,0x000000001c530000)]
  0x0000000019a53800 JavaThread "Cache worker for file hash cache (C:\Users\Al-Jadeed Cute\.gradle\caches\5.6.4\fileHashes)" [_thread_blocked, id=6372, stack(0x000000001c330000,0x000000001c430000)]
  0x0000000019e47800 JavaThread "Thread-9" [_thread_blocked, id=1204, stack(0x000000001c030000,0x000000001c130000)]
  0x0000000019e4e000 JavaThread "Stdin handler" [_thread_blocked, id=4316, stack(0x000000001bf30000,0x000000001c030000)]
  0x0000000019e4d800 JavaThread "Asynchronous log dispatcher for DefaultDaemonConnection: socket connection from /127.0.0.1:2784 to /127.0.0.1:2785" [_thread_blocked, id=848, stack(0x000000001be30000,0x000000001bf30000)]
  0x0000000019e4b800 JavaThread "Daemon worker" [_thread_in_native, id=4612, stack(0x000000001bd30000,0x000000001be30000)]
  0x000000001929b000 JavaThread "Cancel handler" [_thread_blocked, id=3996, stack(0x000000001bc30000,0x000000001bd30000)]
  0x0000000019ab0000 JavaThread "Handler for socket connection from /127.0.0.1:2784 to /127.0.0.1:2785" [_thread_in_native, id=7332, stack(0x000000001b930000,0x000000001ba30000)]
  0x0000000019aaf000 JavaThread "Daemon" [_thread_blocked, id=1648, stack(0x000000001b830000,0x000000001b930000)]
  0x000000001a316800 JavaThread "Daemon periodic checks" [_thread_blocked, id=7908, stack(0x000000001b730000,0x000000001b830000)]
  0x0000000019a7d000 JavaThread "Incoming local TCP Connector on port 2784" [_thread_in_native, id=7368, stack(0x000000001b550000,0x000000001b650000)]
  0x000000001a1e9800 JavaThread "Daemon health stats" [_thread_blocked, id=6104, stack(0x0000000019f10000,0x000000001a010000)]
  0x0000000018160800 JavaThread "Service Thread" daemon [_thread_blocked, id=6032, stack(0x0000000018540000,0x0000000018640000)]
  0x00000000168c3800 JavaThread "C1 CompilerThread2" daemon [_thread_blocked, id=7768, stack(0x0000000018040000,0x0000000018140000)]
  0x00000000168c0000 JavaThread "C2 CompilerThread1" daemon [_thread_in_native, id=7684, stack(0x0000000017f40000,0x0000000018040000)]
=>0x00000000168bc800 JavaThread "C2 CompilerThread0" daemon [_thread_in_native, id=7740, stack(0x0000000017e40000,0x0000000017f40000)]
  0x00000000168bb000 JavaThread "Attach Listener" daemon [_thread_blocked, id=7400, stack(0x0000000017d40000,0x0000000017e40000)]
  0x00000000168ba000 JavaThread "Signal Dispatcher" daemon [_thread_blocked, id=6812, stack(0x0000000017c40000,0x0000000017d40000)]
  0x0000000002f4c800 JavaThread "Finalizer" daemon [_thread_blocked, id=6284, stack(0x0000000017b40000,0x0000000017c40000)]
  0x00000000168a9000 JavaThread "Reference Handler" daemon [_thread_blocked, id=7352, stack(0x0000000017a40000,0x0000000017b40000)]
  0x0000000002e4e000 JavaThread "main" [_thread_blocked, id=6328, stack(0x0000000002cd0000,0x0000000002dd0000)]

Other Threads:
  0x0000000016886000 VMThread [stack: 0x0000000017940000,0x0000000017a40000] [id=6684]
  0x000000001691c800 WatcherThread [stack: 0x0000000018640000,0x0000000018740000] [id=7936]

VM state:not at safepoint (normal execution)

VM Mutex/Monitor currently owned by a thread: None

heap address: 0x00000000a0000000, size: 1536 MB, Compressed Oops mode: 32-bit
Narrow klass base: 0x0000000000000000, Narrow klass shift: 3
Compressed class space size: 1073741824 Address: 0x0000000100000000

Heap:
 PSYoungGen      total 287232K, used 236997K [0x00000000e0000000, 0x00000000f7b80000, 0x0000000100000000)
  eden space 265728K, 84% used [0x00000000e0000000,0x00000000edb30288,0x00000000f0380000)
  from space 21504K, 58% used [0x00000000f0380000,0x00000000f0fc1538,0x00000000f1880000)
  to   space 21504K, 0% used [0x00000000f6680000,0x00000000f6680000,0x00000000f7b80000)
 ParOldGen       total 93184K, used 37923K [0x00000000a0000000, 0x00000000a5b00000, 0x00000000e0000000)
  object space 93184K, 40% used [0x00000000a0000000,0x00000000a2508c60,0x00000000a5b00000)
 Metaspace       used 64204K, capacity 66472K, committed 66560K, reserved 1105920K
  class space    used 8681K, capacity 9200K, committed 9216K, reserved 1048576K

Card table byte_map: [0x0000000012310000,0x0000000012620000] byte_map_base: 0x0000000011e10000

Marking Bits: (ParMarkBitMap*) 0x00000000775b9f30
 Begin Bits: [0x0000000012c20000, 0x0000000014420000)
 End Bits:   [0x0000000014420000, 0x0000000015c20000)

Polling page: 0x0000000001420000

CodeCache: size=245760Kb used=24951Kb max_used=24951Kb free=220809Kb
 bounds [0x0000000002f50000, 0x00000000047d0000, 0x0000000011f50000]
 total_blobs=8221 nmethods=7404 adapters=730
 compilation: enabled

Compilation events (10 events):
Event: 25.131 Thread 0x00000000168c3800 8399       3       com.google.common.collect.ImmutableMap::values (5 bytes)
Event: 25.131 Thread 0x00000000168c3800 nmethod 8399 0x000000000351bf10 code [0x000000000351c080, 0x000000000351c288]
Event: 25.134 Thread 0x00000000168c3800 8401       3       org.apache.commons.lang.StringUtils::splitWorker (385 bytes)
Event: 25.138 Thread 0x00000000168c3800 nmethod 8401 0x00000000047c1390 code [0x00000000047c1820, 0x00000000047c4ef8]
Event: 25.138 Thread 0x00000000168c3800 8402       3       org.gradle.execution.plan.Node::isReady (26 bytes)
Event: 25.139 Thread 0x00000000168c3800 nmethod 8402 0x000000000351ba90 code [0x000000000351bc00, 0x000000000351be10]
Event: 25.139 Thread 0x00000000168c3800 8404       3       org.gradle.execution.plan.Node::allDependenciesComplete (43 bytes)
Event: 25.139 Thread 0x00000000168c3800 nmethod 8404 0x0000000003917bd0 code [0x0000000003917d80, 0x00000000039183b8]
Event: 25.139 Thread 0x00000000168c3800 8403       3       org.gradle.execution.plan.DefaultExecutionPlan::allDependenciesComplete (37 bytes)
Event: 25.139 Thread 0x00000000168c3800 nmethod 8403 0x00000000031593d0 code [0x0000000003159560, 0x00000000031599a8]

GC Heap History (10 events):
Event: 18.172 GC heap before
{Heap before GC invocations=14 (full 2):
 PSYoungGen      total 182784K, used 143475K [0x00000000e0000000, 0x00000000ef900000, 0x0000000100000000)
  eden space 169472K, 76% used [0x00000000e0000000,0x00000000e7f1f0d0,0x00000000ea580000)
  from space 13312K, 99% used [0x00000000ea580000,0x00000000eb27dcc8,0x00000000eb280000)
  to   space 17920K, 0% used [0x00000000ee780000,0x00000000ee780000,0x00000000ef900000)
 ParOldGen       total 55296K, used 24583K [0x00000000a0000000, 0x00000000a3600000, 0x00000000e0000000)
  object space 55296K, 44% used [0x00000000a0000000,0x00000000a1801f90,0x00000000a3600000)
 Metaspace       used 57132K, capacity 59032K, committed 59096K, reserved 1099776K
  class space    used 7843K, capacity 8296K, committed 8320K, reserved 1048576K
Event: 18.206 GC heap after
Heap after GC invocations=14 (full 2):
 PSYoungGen      total 236032K, used 13572K [0x00000000e0000000, 0x00000000efa00000, 0x0000000100000000)
  eden space 218112K, 0% used [0x00000000e0000000,0x00000000e0000000,0x00000000ed500000)
  from space 17920K, 75% used [0x00000000ee780000,0x00000000ef4c11d8,0x00000000ef900000)
  to   space 18944K, 0% used [0x00000000ed500000,0x00000000ed500000,0x00000000ee780000)
 ParOldGen       total 55296K, used 35350K [0x00000000a0000000, 0x00000000a3600000, 0x00000000e0000000)
  object space 55296K, 63% used [0x00000000a0000000,0x00000000a2285968,0x00000000a3600000)
 Metaspace       used 57132K, capacity 59032K, committed 59096K, reserved 1099776K
  class space    used 7843K, capacity 8296K, committed 8320K, reserved 1048576K
}
Event: 18.206 GC heap before
{Heap before GC invocations=15 (full 3):
 PSYoungGen      total 236032K, used 13572K [0x00000000e0000000, 0x00000000efa00000, 0x0000000100000000)
  eden space 218112K, 0% used [0x00000000e0000000,0x00000000e0000000,0x00000000ed500000)
  from space 17920K, 75% used [0x00000000ee780000,0x00000000ef4c11d8,0x00000000ef900000)
  to   space 18944K, 0% used [0x00000000ed500000,0x00000000ed500000,0x00000000ee780000)
 ParOldGen       total 55296K, used 35350K [0x00000000a0000000, 0x00000000a3600000, 0x00000000e0000000)
  object space 55296K, 63% used [0x00000000a0000000,0x00000000a2285968,0x00000000a3600000)
 Metaspace       used 57132K, capacity 59032K, committed 59096K, reserved 1099776K
  class space    used 7843K, capacity 8296K, committed 8320K, reserved 1048576K
Event: 18.425 GC heap after
Heap after GC invocations=15 (full 3):
 PSYoungGen      total 236032K, used 0K [0x00000000e0000000, 0x00000000efa00000, 0x0000000100000000)
  eden space 218112K, 0% used [0x00000000e0000000,0x00000000e0000000,0x00000000ed500000)
  from space 17920K, 0% used [0x00000000ee780000,0x00000000ee780000,0x00000000ef900000)
  to   space 18944K, 0% used [0x00000000ed500000,0x00000000ed500000,0x00000000ee780000)
 ParOldGen       total 93184K, used 37899K [0x00000000a0000000, 0x00000000a5b00000, 0x00000000e0000000)
  object space 93184K, 40% used [0x00000000a0000000,0x00000000a2502c60,0x00000000a5b00000)
 Metaspace       used 57132K, capacity 59032K, committed 59096K, reserved 1099776K
  class space    used 7843K, capacity 8296K, committed 8320K, reserved 1048576K
}
Event: 21.858 GC heap before
{Heap before GC invocations=16 (full 3):
 PSYoungGen      total 236032K, used 218112K [0x00000000e0000000, 0x00000000efa00000, 0x0000000100000000)
  eden space 218112K, 100% used [0x00000000e0000000,0x00000000ed500000,0x00000000ed500000)
  from space 17920K, 0% used [0x00000000ee780000,0x00000000ee780000,0x00000000ef900000)
  to   space 18944K, 0% used [0x00000000ed500000,0x00000000ed500000,0x00000000ee780000)
 ParOldGen       total 93184K, used 37899K [0x00000000a0000000, 0x00000000a5b00000, 0x00000000e0000000)
  object space 93184K, 40% used [0x00000000a0000000,0x00000000a2502c60,0x00000000a5b00000)
 Metaspace       used 62400K, capacity 64632K, committed 64896K, reserved 1105920K
  class space    used 8523K, capacity 9064K, committed 9088K, reserved 1048576K
Event: 21.878 GC heap after
Heap after GC invocations=16 (full 3):
 PSYoungGen      total 237056K, used 11675K [0x00000000e0000000, 0x00000000f2b80000, 0x0000000100000000)
  eden space 218112K, 0% used [0x00000000e0000000,0x00000000e0000000,0x00000000ed500000)
  from space 18944K, 61% used [0x00000000ed500000,0x00000000ee066f38,0x00000000ee780000)
  to   space 19456K, 0% used [0x00000000f1880000,0x00000000f1880000,0x00000000f2b80000)
 ParOldGen       total 93184K, used 37907K [0x00000000a0000000, 0x00000000a5b00000, 0x00000000e0000000)
  object space 93184K, 40% used [0x00000000a0000000,0x00000000a2504c60,0x00000000a5b00000)
 Metaspace       used 62400K, capacity 64632K, committed 64896K, reserved 1105920K
  class space    used 8523K, capacity 9064K, committed 9088K, reserved 1048576K
}
Event: 22.391 GC heap before
{Heap before GC invocations=17 (full 3):
 PSYoungGen      total 237056K, used 229787K [0x00000000e0000000, 0x00000000f2b80000, 0x0000000100000000)
  eden space 218112K, 100% used [0x00000000e0000000,0x00000000ed500000,0x00000000ed500000)
  from space 18944K, 61% used [0x00000000ed500000,0x00000000ee066f38,0x00000000ee780000)
  to   space 19456K, 0% used [0x00000000f1880000,0x00000000f1880000,0x00000000f2b80000)
 ParOldGen       total 93184K, used 37907K [0x00000000a0000000, 0x00000000a5b00000, 0x00000000e0000000)
  object space 93184K, 40% used [0x00000000a0000000,0x00000000a2504c60,0x00000000a5b00000)
 Metaspace       used 63362K, capacity 65616K, committed 65792K, reserved 1105920K
  class space    used 8617K, capacity 9132K, committed 9216K, reserved 1048576K
Event: 22.407 GC heap after
Heap after GC invocations=17 (full 3):
 PSYoungGen      total 285184K, used 16668K [0x00000000e0000000, 0x00000000f3c00000, 0x0000000100000000)
  eden space 265728K, 0% used [0x00000000e0000000,0x00000000e0000000,0x00000000f0380000)
  from space 19456K, 85% used [0x00000000f1880000,0x00000000f28c7220,0x00000000f2b80000)
  to   space 21504K, 0% used [0x00000000f0380000,0x00000000f0380000,0x00000000f1880000)
 ParOldGen       total 93184K, used 37915K [0x00000000a0000000, 0x00000000a5b00000, 0x00000000e0000000)
  object space 93184K, 40% used [0x00000000a0000000,0x00000000a2506c60,0x00000000a5b00000)
 Metaspace       used 63362K, capacity 65616K, committed 65792K, reserved 1105920K
  class space    used 8617K, capacity 9132K, committed 9216K, reserved 1048576K
}
Event: 23.194 GC heap before
{Heap before GC invocations=18 (full 3):
 PSYoungGen      total 285184K, used 282396K [0x00000000e0000000, 0x00000000f3c00000, 0x0000000100000000)
  eden space 265728K, 100% used [0x00000000e0000000,0x00000000f0380000,0x00000000f0380000)
  from space 19456K, 85% used [0x00000000f1880000,0x00000000f28c7220,0x00000000f2b80000)
  to   space 21504K, 0% used [0x00000000f0380000,0x00000000f0380000,0x00000000f1880000)
 ParOldGen       total 93184K, used 37915K [0x00000000a0000000, 0x00000000a5b00000, 0x00000000e0000000)
  object space 93184K, 40% used [0x00000000a0000000,0x00000000a2506c60,0x00000000a5b00000)
 Metaspace       used 63774K, capacity 66044K, committed 66304K, reserved 1105920K
  class space    used 8654K, capacity 9166K, committed 9216K, reserved 1048576K
Event: 23.212 GC heap after
Heap after GC invocations=18 (full 3):
 PSYoungGen      total 287232K, used 12549K [0x00000000e0000000, 0x00000000f7b80000, 0x0000000100000000)
  eden space 265728K, 0% used [0x00000000e0000000,0x00000000e0000000,0x00000000f0380000)
  from space 21504K, 58% used [0x00000000f0380000,0x00000000f0fc1538,0x00000000f1880000)
  to   space 21504K, 0% used [0x00000000f6680000,0x00000000f6680000,0x00000000f7b80000)
 ParOldGen       total 93184K, used 37923K [0x00000000a0000000, 0x00000000a5b00000, 0x00000000e0000000)
  object space 93184K, 40% used [0x00000000a0000000,0x00000000a2508c60,0x00000000a5b00000)
 Metaspace       used 63774K, capacity 66044K, committed 66304K, reserved 1105920K
  class space    used 8654K, capacity 9166K, committed 9216K, reserved 1048576K
}

Deoptimization events (10 events):
Event: 24.575 Thread 0x000000001ca2e000 Uncommon trap: reason=unstable_if action=reinterpret pc=0x0000000004420c64 method=com.android.tools.build.jetifier.core.type.JavaType.equals(Ljava/lang/Object;)Z @ 2
Event: 24.575 Thread 0x000000001ca2e000 Uncommon trap: reason=unstable_if action=reinterpret pc=0x000000000448d8b4 method=com.android.tools.build.jetifier.processor.transform.bytecode.CoreRemapperImpl.rewriteType(Lcom/android/tools/build/jetifier/core/type/JavaType;)Lcom/android/tools/build/jet
Event: 24.575 Thread 0x000000001ca2e000 Uncommon trap: reason=unstable_if action=reinterpret pc=0x0000000004497078 method=com.android.tools.build.jetifier.processor.transform.bytecode.CoreRemapperImpl.rewriteType(Lcom/android/tools/build/jetifier/core/type/JavaType;)Lcom/android/tools/build/jet
Event: 24.575 Thread 0x000000001ca2e000 Uncommon trap: reason=unstable_if action=reinterpret pc=0x00000000039811d8 method=com.android.tools.build.jetifier.core.type.JavaType.equals(Ljava/lang/Object;)Z @ 2
Event: 24.577 Thread 0x000000001ca2e000 Uncommon trap: reason=unstable_if action=reinterpret pc=0x00000000044e3a78 method=com.android.tools.build.jetifier.processor.transform.bytecode.CoreRemapperImpl.rewriteType(Lcom/android/tools/build/jetifier/core/type/JavaType;)Lcom/android/tools/build/jet
Event: 24.584 Thread 0x000000001ca2e000 Uncommon trap: reason=unstable_if action=reinterpret pc=0x0000000003ba1240 method=java.util.regex.Pattern.newSlice([IIZ)Ljava/util/regex/Pattern$Node; @ 10
Event: 24.584 Thread 0x000000001ca2e000 Uncommon trap: reason=unstable_if action=reinterpret pc=0x0000000003b94a54 method=java.util.regex.Pattern.newSlice([IIZ)Ljava/util/regex/Pattern$Node; @ 10
Event: 24.584 Thread 0x000000001ca2e000 Uncommon trap: reason=bimorphic action=maybe_recompile pc=0x0000000003cc9ddc method=java.util.regex.Pattern$Begin.match(Ljava/util/regex/Matcher;ILjava/lang/CharSequence;)Z @ 30
Event: 24.584 Thread 0x000000001ca2e000 Uncommon trap: reason=bimorphic action=maybe_recompile pc=0x0000000003cc9ddc method=java.util.regex.Pattern$Begin.match(Ljava/util/regex/Matcher;ILjava/lang/CharSequence;)Z @ 30
Event: 24.584 Thread 0x000000001ca2e000 Uncommon trap: reason=bimorphic action=maybe_recompile pc=0x0000000003cc9ddc method=java.util.regex.Pattern$Begin.match(Ljava/util/regex/Matcher;ILjava/lang/CharSequence;)Z @ 30

Classes redefined (0 events):
No events

Internal exceptions (10 events):
Event: 24.626 Thread 0x0000000019e4b800 Exception <a 'sun/nio/fs/WindowsException'> (0x00000000ecbed3b0) thrown at [D:\src\AOSP-openjdk-cygwin\jdk8u\hotspot\src\share\vm\prims\jni.cpp, line 710]
Event: 24.629 Thread 0x000000001ca2e000 Exception <a 'sun/nio/fs/WindowsException'> (0x00000000ecf31aa8) thrown at [D:\src\AOSP-openjdk-cygwin\jdk8u\hotspot\src\share\vm\prims\jni.cpp, line 710]
Event: 24.664 Thread 0x000000001ca2d000 Exception <a 'sun/nio/fs/WindowsException'> (0x00000000ecabd018) thrown at [D:\src\AOSP-openjdk-cygwin\jdk8u\hotspot\src\share\vm\prims\jni.cpp, line 710]
Event: 24.739 Thread 0x000000001ca2f000 Exception <a 'sun/nio/fs/WindowsException'> (0x00000000ed420390) thrown at [D:\src\AOSP-openjdk-cygwin\jdk8u\hotspot\src\share\vm\prims\jni.cpp, line 710]
Event: 24.768 Thread 0x000000001ca2f000 Exception <a 'sun/nio/fs/WindowsException'> (0x00000000ed441670) thrown at [D:\src\AOSP-openjdk-cygwin\jdk8u\hotspot\src\share\vm\prims\jni.cpp, line 710]
Event: 24.801 Thread 0x000000001ca2e000 Exception <a 'sun/nio/fs/WindowsException'> (0x00000000ecf998d8) thrown at [D:\src\AOSP-openjdk-cygwin\jdk8u\hotspot\src\share\vm\prims\jni.cpp, line 710]
Event: 25.015 Thread 0x0000000019e4b800 Exception <a 'sun/nio/fs/WindowsException'> (0x00000000eda57b18) thrown at [D:\src\AOSP-openjdk-cygwin\jdk8u\hotspot\src\share\vm\prims\jni.cpp, line 710]
Event: 25.016 Thread 0x000000001ca2f000 Exception <a 'sun/nio/fs/WindowsException'> (0x00000000ed4e35c8) thrown at [D:\src\AOSP-openjdk-cygwin\jdk8u\hotspot\src\share\vm\prims\jni.cpp, line 710]
Event: 25.021 Thread 0x000000001ca2e000 Exception <a 'sun/nio/fs/WindowsException'> (0x00000000ed74e8c0) thrown at [D:\src\AOSP-openjdk-cygwin\jdk8u\hotspot\src\share\vm\prims\jni.cpp, line 710]
Event: 25.129 Thread 0x0000000019e4b800 Exception <a 'sun/nio/fs/WindowsException'> (0x00000000eda77000) thrown at [D:\src\AOSP-openjdk-cygwin\jdk8u\hotspot\src\share\vm\prims\jni.cpp, line 710]

Events (10 events):
Event: 24.919 Thread 0x00000000168c3800 flushing nmethod 0x00000000034e5290
Event: 24.919 Thread 0x00000000168c3800 flushing nmethod 0x000000000351ba90
Event: 24.919 Thread 0x00000000168c3800 flushing nmethod 0x0000000003548dd0
Event: 24.920 Thread 0x00000000168c3800 flushing nmethod 0x0000000003566290
Event: 24.920 Thread 0x00000000168c3800 flushing nmethod 0x00000000035d1dd0
Event: 24.923 Thread 0x00000000168c3800 flushing nmethod 0x0000000003822490
Event: 24.923 Thread 0x00000000168c3800 flushing nmethod 0x0000000003860d90
Event: 24.923 Thread 0x00000000168c3800 flushing nmethod 0x0000000003917890
Event: 24.939 Thread 0x00000000168c0000 flushing nmethod 0x0000000003b637d0
Event: 24.939 Thread 0x00000000168c0000 flushing nmethod 0x0000000003c0d890


Dynamic libraries:
0x00007ff669890000 - 0x00007ff6698c1000 	C:\Program Files\Android\Android Studio\jre\bin\java.exe
0x00007fff42160000 - 0x00007fff42321000 	C:\Windows\SYSTEM32\ntdll.dll
0x00007fff41ed0000 - 0x00007fff41f7d000 	C:\Windows\system32\KERNEL32.DLL
0x00007fff3f370000 - 0x00007fff3f558000 	C:\Windows\system32\KERNELBASE.dll
0x00007fff41db0000 - 0x00007fff41e57000 	C:\Windows\system32\ADVAPI32.dll
0x00007fff41f80000 - 0x00007fff4201d000 	C:\Windows\system32\msvcrt.dll
0x00007fff40170000 - 0x00007fff401cb000 	C:\Windows\system32\sechost.dll
0x00007fff41c90000 - 0x00007fff41dac000 	C:\Windows\system32\RPCRT4.dll
0x00007fff41800000 - 0x00007fff41956000 	C:\Windows\system32\USER32.dll
0x00007fff3fc60000 - 0x00007fff3fde6000 	C:\Windows\system32\GDI32.dll
0x00007fff2fe00000 - 0x00007fff30074000 	C:\Windows\WinSxS\amd64_microsoft.windows.common-controls_6595b64144ccf1df_6.0.10586.494_none_a2d8b04ea53e3145\COMCTL32.dll
0x00007fff41a10000 - 0x00007fff41c8d000 	C:\Windows\system32\combase.dll
0x00007fff3e810000 - 0x00007fff3e87a000 	C:\Windows\system32\bcryptPrimitives.dll
0x00007fff41970000 - 0x00007fff419ab000 	C:\Windows\system32\IMM32.DLL
0x0000000076d10000 - 0x0000000076de2000 	C:\Program Files\Android\Android Studio\jre\jre\bin\msvcr100.dll
0x0000000076df0000 - 0x0000000077636000 	C:\Program Files\Android\Android Studio\jre\jre\bin\server\jvm.dll
0x00007fff41960000 - 0x00007fff41968000 	C:\Windows\system32\PSAPI.DLL
0x00007fff3ceb0000 - 0x00007fff3ced3000 	C:\Windows\SYSTEM32\WINMM.dll
0x00007fff3cf10000 - 0x00007fff3cf19000 	C:\Windows\SYSTEM32\WSOCK32.dll
0x00007fff3ae70000 - 0x00007fff3ae7a000 	C:\Windows\SYSTEM32\VERSION.dll
0x00007fff420f0000 - 0x00007fff4215b000 	C:\Windows\system32\WS2_32.dll
0x00007fff3ce80000 - 0x00007fff3ceac000 	C:\Windows\SYSTEM32\WINMMBASE.dll
0x00007fff3f1e0000 - 0x00007fff3f223000 	C:\Windows\system32\cfgmgr32.dll
0x00007fff3cf00000 - 0x00007fff3cf0f000 	C:\Program Files\Android\Android Studio\jre\jre\bin\verify.dll
0x00007fff3adc0000 - 0x00007fff3ade9000 	C:\Program Files\Android\Android Studio\jre\jre\bin\java.dll
0x00007fff3a3e0000 - 0x00007fff3a3f6000 	C:\Program Files\Android\Android Studio\jre\jre\bin\zip.dll
0x00007fff40280000 - 0x00007fff417dc000 	C:\Windows\system32\SHELL32.dll
0x00007fff3eb90000 - 0x00007fff3f1d5000 	C:\Windows\system32\windows.storage.dll
0x00007fff3fdf0000 - 0x00007fff3fe42000 	C:\Windows\system32\shlwapi.dll
0x00007fff3e780000 - 0x00007fff3e78f000 	C:\Windows\system32\kernel.appcore.dll
0x00007fff3ead0000 - 0x00007fff3eb85000 	C:\Windows\system32\shcore.dll
0x00007fff3e7c0000 - 0x00007fff3e80b000 	C:\Windows\system32\powrprof.dll
0x00007fff3e7a0000 - 0x00007fff3e7b4000 	C:\Windows\system32\profapi.dll
0x00007fff3a3c0000 - 0x00007fff3a3da000 	C:\Program Files\Android\Android Studio\jre\jre\bin\net.dll
0x00007fff3e050000 - 0x00007fff3e0ac000 	C:\Windows\system32\mswsock.dll
0x00007fff3a370000 - 0x00007fff3a381000 	C:\Program Files\Android\Android Studio\jre\jre\bin\nio.dll
0x00007fff2e630000 - 0x00007fff2e656000 	C:\Users\Al-Jadeed Cute\.gradle\native\30\windows-amd64\native-platform.dll
0x00007fff3adb0000 - 0x00007fff3adbd000 	C:\Program Files\Android\Android Studio\jre\jre\bin\management.dll
0x00007fff3e100000 - 0x00007fff3e117000 	C:\Windows\SYSTEM32\CRYPTSP.dll
0x00007fff3dd90000 - 0x00007fff3ddc4000 	C:\Windows\system32\rsaenh.dll
0x00007fff3e6b0000 - 0x00007fff3e6d9000 	C:\Windows\SYSTEM32\bcrypt.dll
0x00007fff3dee0000 - 0x00007fff3deff000 	C:\Windows\SYSTEM32\USERENV.dll
0x00007fff3e220000 - 0x00007fff3e22b000 	C:\Windows\SYSTEM32\CRYPTBASE.dll
0x00007fff3bdf0000 - 0x00007fff3be28000 	C:\Windows\SYSTEM32\IPHLPAPI.DLL
0x00007fff3fc50000 - 0x00007fff3fc58000 	C:\Windows\system32\NSI.dll
0x00007fff393f0000 - 0x00007fff39406000 	C:\Windows\SYSTEM32\dhcpcsvc6.DLL
0x00007fff394b0000 - 0x00007fff394ca000 	C:\Windows\SYSTEM32\dhcpcsvc.DLL
0x00007fff32e10000 - 0x00007fff32e34000 	C:\Program Files\Android\Android Studio\jre\jre\bin\sunec.dll
0x00007fff3dc70000 - 0x00007fff3dca1000 	C:\Windows\SYSTEM32\ntmarta.dll
0x00007fff274e0000 - 0x00007fff2757c000 	C:\Windows\SYSTEM32\efswrt.dll
0x00007fff42020000 - 0x00007fff420e1000 	C:\Windows\system32\OLEAUT32.dll
0x00007fff3a970000 - 0x00007fff3aaa6000 	C:\Windows\SYSTEM32\wintypes.dll
0x00007fff27490000 - 0x00007fff274e0000 	C:\Windows\SYSTEM32\edputil.dll
0x00007fff3d100000 - 0x00007fff3d1aa000 	C:\Windows\SYSTEM32\DNSAPI.dll
0x00007fff30800000 - 0x00007fff3080a000 	C:\Windows\System32\rasadhlp.dll
0x00007fff39420000 - 0x00007fff39487000 	C:\Windows\System32\fwpuclnt.dll
0x00007fff3a3a0000 - 0x00007fff3a3ab000 	C:\Program Files\Android\Android Studio\jre\jre\bin\sunmscapi.dll
0x00007fff3e880000 - 0x00007fff3ea48000 	C:\Windows\system32\CRYPT32.dll
0x00007fff3e790000 - 0x00007fff3e7a0000 	C:\Windows\system32\MSASN1.dll

VM Arguments:
jvm_args: -Xmx1536m -Dfile.encoding=windows-1252 -Duser.country=US -Duser.language=en -Duser.variant 
java_command: org.gradle.launcher.daemon.bootstrap.GradleDaemon 5.6.4
java_class_path (initial): C:\Users\Al-Jadeed Cute\.gradle\wrapper\dists\gradle-5.6.4-all\ankdp27end7byghfw1q2sw75f\gradle-5.6.4\lib\gradle-launcher-5.6.4.jar
Launcher Type: SUN_STANDARD

Environment Variables:
PATH=C:\Windows\system32;C:\Windows;C:\Windows\System32\Wbem;C:\Windows\System32\WindowsPowerShell\v1.0\;C:\Program Files\Microsoft\Web Platform Installer\;C:\Program Files (x86)\Microsoft ASP.NET\ASP.NET Web Pages\v1.0\;C:\Program Files (x86)\Windows Kits\8.0\Windows Performance Toolkit\;C:\Program Files\Microsoft SQL Server\110\Tools\Binn\;C:\Program Files\Git\cmd;C:\Users\Al-Jadeed Cute\AppData\Local\Programs\Python\Python36;C:\Users\Al-Jadeed Cute\AppData\Local\Programs\Python\Python36\Scripts
USERNAME=Al-Jadeed Cute
OS=Windows_NT
PROCESSOR_IDENTIFIER=Intel64 Family 6 Model 142 Stepping 9, GenuineIntel



---------------  S Y S T E M  ---------------

OS: Windows 10.0 , 64 bit Build 10586 (10.0.10586.0)

CPU:total 4 (initial active 4) (2 cores per cpu, 2 threads per core) family 6 model 142 stepping 9, cmov, cx8, fxsr, mmx, sse, sse2, sse3, ssse3, sse4.1, sse4.2, popcnt, avx, avx2, aes, clmul, erms, 3dnowpref, lzcnt, ht, tsc, tscinvbit, bmi1, bmi2, adx

Memory: 4k page, physical 4067556k(524560k free), swap 16650468k(5216k free)

vm_info: OpenJDK 64-Bit Server VM (25.202-b03) for windows-amd64 JRE (1.8.0_202-release-1483-b03), built by "builder" with MS VC++ 10.0 (VS2010)

time: Sun May 31 20:11:54 2020
timezone: Pacific Daylight Time
elapsed time: 25 seconds (0d 0h 0m 25s)

