#
# There is insufficient memory for the Java Runtime Environment to continue.
# Native memory allocation (malloc) failed to allocate 263216 bytes for Chunk::new
# Possible reasons:
#   The system is out of physical RAM or swap space
#   The process is running with CompressedOops enabled, and the Java Heap may be blocking the growth of the native heap
# Possible solutions:
#   Reduce memory load on the system
#   Increase physical memory or swap space
#   Check if swap backing store is full
#   Decrease Java heap size (-Xmx/-Xms)
#   Decrease number of Java threads
#   Decrease Java thread stack sizes (-Xss)
#   Set larger code cache with -XX:ReservedCodeCacheSize=
#   JVM is running with Unscaled Compressed Oops mode in which the Java heap is
#     placed in the first 4GB address space. The Java Heap base address is the
#     maximum limit for the native heap growth. Please use -XX:HeapBaseMinAddress
#     to set the Java Heap base and to place the Java Heap above 4GB virtual address.
# This output file may be truncated or incomplete.
#
#  Out of Memory Error (allocation.cpp:389), pid=1648, tid=0x00000000000004e0
#
# JRE version: OpenJDK Runtime Environment (8.0_202-b03) (build 1.8.0_202-release-1483-b03)
# Java VM: OpenJDK 64-Bit Server VM (25.202-b03 mixed mode windows-amd64 compressed oops)
# Failed to write core dump. Minidumps are not enabled by default on client versions of Windows
#

---------------  T H R E A D  ---------------

Current thread (0x00000000166ef800):  JavaThread "C2 CompilerThread1" daemon [_thread_in_native, id=1248, stack(0x0000000017e20000,0x0000000017f20000)]

Stack: [0x0000000017e20000,0x0000000017f20000]
[error occurred during error reporting (printing stack bounds), id 0xc0000005]

Native frames: (J=compiled Java code, j=interpreted, Vv=VM code, C=native code)


Current CompileTask:
C2:  50221 6864       4       java.lang.reflect.Executable::printModifiersIfNonzero (101 bytes)


---------------  P R O C E S S  ---------------

Java Threads: ( => current thread )
  0x00000000181d6800 JavaThread "Cache worker for file content cache (C:\Users\Al-Jadeed Cute\Desktop\ibato\.gradle\5.6.4\fileContent)" [_thread_blocked, id=4568, stack(0x00000000223e0000,0x00000000224e0000)]
  0x00000000181d5800 JavaThread "Cache worker for file content cache (C:\Users\Al-Jadeed Cute\.gradle\caches\5.6.4\fileContent)" [_thread_blocked, id=3620, stack(0x00000000222e0000,0x00000000223e0000)]
  0x00000000181da000 JavaThread "Memory manager" [_thread_blocked, id=5592, stack(0x0000000020700000,0x0000000020800000)]
  0x00000000181d5000 JavaThread "Cache worker for Build Output Cleanup Cache (C:\Users\Al-Jadeed Cute\Desktop\ibato\.gradle\buildOutputCleanup)" [_thread_blocked, id=3076, stack(0x0000000020400000,0x0000000020500000)]
  0x00000000181dc000 JavaThread "Build operations Thread 4" [_thread_blocked, id=6328, stack(0x000000001fd00000,0x000000001fe00000)]
  0x00000000181d8800 JavaThread "Build operations Thread 3" [_thread_blocked, id=7448, stack(0x000000001fc00000,0x000000001fd00000)]
  0x00000000181db000 JavaThread "Build operations Thread 2" [_thread_blocked, id=3872, stack(0x000000001fb00000,0x000000001fc00000)]
  0x00000000181d8000 JavaThread "Build operations" [_thread_blocked, id=4556, stack(0x000000001f7e0000,0x000000001f8e0000)]
  0x0000000018a39000 JavaThread "Cache worker for execution history cache (C:\Users\Al-Jadeed Cute\.gradle\caches\5.6.4\executionHistory)" [_thread_blocked, id=7664, stack(0x000000001f6e0000,0x000000001f7e0000)]
  0x0000000018a38000 JavaThread "Cache worker for cache directory md-rule (C:\Users\Al-Jadeed Cute\.gradle\caches\5.6.4\md-rule)" [_thread_blocked, id=1312, stack(0x000000001f5e0000,0x000000001f6e0000)]
  0x0000000018a37800 JavaThread "Cache worker for cache directory md-supplier (C:\Users\Al-Jadeed Cute\.gradle\caches\5.6.4\md-supplier)" [_thread_blocked, id=3600, stack(0x000000001e880000,0x000000001e980000)]
  0x0000000018a36800 JavaThread "Cache worker for file hash cache (C:\Users\Al-Jadeed Cute\Desktop\ibato\.gradle\5.6.4\fileHashes)" [_thread_blocked, id=7904, stack(0x000000001e580000,0x000000001e680000)]
  0x0000000018a39800 JavaThread "Cache worker for journal cache (C:\Users\Al-Jadeed Cute\.gradle\caches\journal-1)" [_thread_blocked, id=492, stack(0x000000001c3e0000,0x000000001c4e0000)]
  0x0000000018a34800 JavaThread "File lock request listener" [_thread_in_native, id=4208, stack(0x000000001c2e0000,0x000000001c3e0000)]
  0x0000000018d93000 JavaThread "Cache worker for file hash cache (C:\Users\Al-Jadeed Cute\.gradle\caches\5.6.4\fileHashes)" [_thread_blocked, id=6452, stack(0x000000001c1e0000,0x000000001c2e0000)]
  0x000000001a1df000 JavaThread "Thread-9" [_thread_blocked, id=120, stack(0x000000001bee0000,0x000000001bfe0000)]
  0x000000001a1e1800 JavaThread "Stdin handler" [_thread_blocked, id=3696, stack(0x000000001bde0000,0x000000001bee0000)]
  0x000000001a1e0800 JavaThread "Asynchronous log dispatcher for DefaultDaemonConnection: socket connection from /127.0.0.1:2764 to /127.0.0.1:2765" [_thread_blocked, id=7900, stack(0x000000001bce0000,0x000000001bde0000)]
  0x000000001a1e7800 JavaThread "Daemon worker" [_thread_in_Java, id=5316, stack(0x000000001bbe0000,0x000000001bce0000)]
  0x000000001a1e7000 JavaThread "Cancel handler" [_thread_blocked, id=4460, stack(0x000000001bae0000,0x000000001bbe0000)]
  0x0000000019dd9800 JavaThread "Handler for socket connection from /127.0.0.1:2764 to /127.0.0.1:2765" [_thread_in_native, id=4440, stack(0x000000001b7e0000,0x000000001b8e0000)]
  0x0000000019dd9000 JavaThread "Daemon" [_thread_blocked, id=5004, stack(0x000000001b6e0000,0x000000001b7e0000)]
  0x0000000019f0d800 JavaThread "Daemon periodic checks" [_thread_blocked, id=5860, stack(0x000000001b5e0000,0x000000001b6e0000)]
  0x00000000197ff800 JavaThread "Incoming local TCP Connector on port 2764" [_thread_in_native, id=7932, stack(0x000000001b400000,0x000000001b500000)]
  0x0000000019fff000 JavaThread "Daemon health stats" [_thread_blocked, id=3524, stack(0x000000001adc0000,0x000000001aec0000)]
  0x0000000018050800 JavaThread "Service Thread" daemon [_thread_blocked, id=496, stack(0x0000000018420000,0x0000000018520000)]
  0x00000000166f3000 JavaThread "C1 CompilerThread2" daemon [_thread_blocked, id=968, stack(0x0000000017f20000,0x0000000018020000)]
=>0x00000000166ef800 JavaThread "C2 CompilerThread1" daemon [_thread_in_native, id=1248, stack(0x0000000017e20000,0x0000000017f20000)]
  0x00000000166eb800 JavaThread "C2 CompilerThread0" daemon [_thread_in_native, id=2116, stack(0x0000000017d20000,0x0000000017e20000)]
  0x00000000166ea000 JavaThread "Attach Listener" daemon [_thread_blocked, id=5060, stack(0x0000000017c20000,0x0000000017d20000)]
  0x00000000166e8800 JavaThread "Signal Dispatcher" daemon [_thread_blocked, id=7792, stack(0x0000000017b20000,0x0000000017c20000)]
  0x0000000002d7b000 JavaThread "Finalizer" daemon [_thread_blocked, id=1480, stack(0x0000000017940000,0x0000000017a40000)]
  0x00000000166d9000 JavaThread "Reference Handler" daemon [_thread_blocked, id=4420, stack(0x0000000017840000,0x0000000017940000)]
  0x0000000002c7e000 JavaThread "main" [_thread_blocked, id=1488, stack(0x0000000002b00000,0x0000000002c00000)]

Other Threads:
  0x00000000166b6000 VMThread [stack: 0x0000000017740000,0x0000000017840000] [id=416]
  0x0000000016708000 WatcherThread [stack: 0x0000000018520000,0x0000000018620000] [id=7304]

VM state:not at safepoint (normal execution)

VM Mutex/Monitor currently owned by a thread: None

heap address: 0x00000000a0000000, size: 1536 MB, Compressed Oops mode: 32-bit
Narrow klass base: 0x0000000000000000, Narrow klass shift: 3
Compressed class space size: 1073741824 Address: 0x0000000100000000

Heap:
 PSYoungGen      total 156160K, used 64054K [0x00000000e0000000, 0x00000000ead80000, 0x0000000100000000)
  eden space 139264K, 45% used [0x00000000e0000000,0x00000000e3e8da38,0x00000000e8800000)
  from space 16896K, 0% used [0x00000000e9800000,0x00000000e9800000,0x00000000ea880000)
  to   space 16384K, 0% used [0x00000000e8800000,0x00000000e8800000,0x00000000e9800000)
 ParOldGen       total 87552K, used 35134K [0x00000000a0000000, 0x00000000a5580000, 0x00000000e0000000)
  object space 87552K, 40% used [0x00000000a0000000,0x00000000a224f888,0x00000000a5580000)
 Metaspace       used 61126K, capacity 63064K, committed 63320K, reserved 1105920K
  class space    used 8321K, capacity 8772K, committed 8792K, reserved 1048576K

Card table byte_map: [0x0000000012140000,0x0000000012450000] byte_map_base: 0x0000000011c40000

Marking Bits: (ParMarkBitMap*) 0x00000000775b9f30
 Begin Bits: [0x0000000012a50000, 0x0000000014250000)
 End Bits:   [0x0000000014250000, 0x0000000015a50000)

Polling page: 0x0000000000f30000

CodeCache: size=245760Kb used=19929Kb max_used=19929Kb free=225830Kb
 bounds [0x0000000002d80000, 0x0000000004110000, 0x0000000011d80000]
 total_blobs=6847 nmethods=6034 adapters=726
 compilation: enabled

Compilation events (10 events):
Event: 50.181 Thread 0x00000000166f3000 6896       3       com.google.common.collect.ImmutableList::subList (38 bytes)
Event: 50.181 Thread 0x00000000166f3000 nmethod 6896 0x00000000040fda50 code [0x00000000040fdc40, 0x00000000040fe598]
Event: 50.181 Thread 0x00000000166f3000 6897       3       com.google.common.collect.ImmutableList::subListUnchecked (13 bytes)
Event: 50.182 Thread 0x00000000166f3000 nmethod 6897 0x00000000040fea10 code [0x00000000040feba0, 0x00000000040fef50]
Event: 50.182 Thread 0x00000000166f3000 6898       3       com.google.common.collect.ImmutableList$SubList::<init> (20 bytes)
Event: 50.182 Thread 0x00000000166f3000 nmethod 6898 0x00000000040ff190 code [0x00000000040ff300, 0x00000000040ff5f0]
Event: 50.195 Thread 0x00000000166eb800 nmethod 6865 0x0000000004103490 code [0x0000000004103660, 0x0000000004104708]
Event: 50.195 Thread 0x00000000166eb800 6866       4       java.lang.reflect.Method::specificToGenericStringHeader (48 bytes)
Event: 50.197 Thread 0x00000000166f3000 6902       3       org.objectweb.asm.AnnotationWriter::visitEnd (44 bytes)
Event: 50.197 Thread 0x00000000166f3000 nmethod 6902 0x0000000004103010 code [0x0000000004103180, 0x0000000004103370]

GC Heap History (10 events):
Event: 17.565 GC heap before
{Heap before GC invocations=13 (full 2):
 PSYoungGen      total 97792K, used 3931K [0x00000000e0000000, 0x00000000e8900000, 0x0000000100000000)
  eden space 87040K, 0% used [0x00000000e0000000,0x00000000e0000000,0x00000000e5500000)
  from space 10752K, 36% used [0x00000000e5500000,0x00000000e58d6dd8,0x00000000e5f80000)
  to   space 10752K, 0% used [0x00000000e7e80000,0x00000000e7e80000,0x00000000e8900000)
 ParOldGen       total 32768K, used 13021K [0x00000000a0000000, 0x00000000a2000000, 0x00000000e0000000)
  object space 32768K, 39% used [0x00000000a0000000,0x00000000a0cb7578,0x00000000a2000000)
 Metaspace       used 34674K, capacity 35374K, committed 35456K, reserved 1079296K
  class space    used 4768K, capacity 4958K, committed 4992K, reserved 1048576K
Event: 17.646 GC heap after
Heap after GC invocations=13 (full 2):
 PSYoungGen      total 97792K, used 0K [0x00000000e0000000, 0x00000000e8900000, 0x0000000100000000)
  eden space 87040K, 0% used [0x00000000e0000000,0x00000000e0000000,0x00000000e5500000)
  from space 10752K, 0% used [0x00000000e5500000,0x00000000e5500000,0x00000000e5f80000)
  to   space 10752K, 0% used [0x00000000e7e80000,0x00000000e7e80000,0x00000000e8900000)
 ParOldGen       total 53248K, used 15957K [0x00000000a0000000, 0x00000000a3400000, 0x00000000e0000000)
  object space 53248K, 29% used [0x00000000a0000000,0x00000000a0f95588,0x00000000a3400000)
 Metaspace       used 34670K, capacity 35362K, committed 35456K, reserved 1079296K
  class space    used 4767K, capacity 4956K, committed 4992K, reserved 1048576K
}
Event: 24.015 GC heap before
{Heap before GC invocations=14 (full 2):
 PSYoungGen      total 97792K, used 87040K [0x00000000e0000000, 0x00000000e8900000, 0x0000000100000000)
  eden space 87040K, 100% used [0x00000000e0000000,0x00000000e5500000,0x00000000e5500000)
  from space 10752K, 0% used [0x00000000e5500000,0x00000000e5500000,0x00000000e5f80000)
  to   space 10752K, 0% used [0x00000000e7e80000,0x00000000e7e80000,0x00000000e8900000)
 ParOldGen       total 53248K, used 15957K [0x00000000a0000000, 0x00000000a3400000, 0x00000000e0000000)
  object space 53248K, 29% used [0x00000000a0000000,0x00000000a0f95588,0x00000000a3400000)
 Metaspace       used 43357K, capacity 44440K, committed 44544K, reserved 1087488K
  class space    used 5865K, capacity 6124K, committed 6144K, reserved 1048576K
Event: 24.028 GC heap after
Heap after GC invocations=14 (full 2):
 PSYoungGen      total 121856K, used 10730K [0x00000000e0000000, 0x00000000e8900000, 0x0000000100000000)
  eden space 111104K, 0% used [0x00000000e0000000,0x00000000e0000000,0x00000000e6c80000)
  from space 10752K, 99% used [0x00000000e7e80000,0x00000000e88faaa8,0x00000000e8900000)
  to   space 12288K, 0% used [0x00000000e7100000,0x00000000e7100000,0x00000000e7d00000)
 ParOldGen       total 53248K, used 16986K [0x00000000a0000000, 0x00000000a3400000, 0x00000000e0000000)
  object space 53248K, 31% used [0x00000000a0000000,0x00000000a1096940,0x00000000a3400000)
 Metaspace       used 43357K, capacity 44440K, committed 44544K, reserved 1087488K
  class space    used 5865K, capacity 6124K, committed 6144K, reserved 1048576K
}
Event: 30.463 GC heap before
{Heap before GC invocations=15 (full 2):
 PSYoungGen      total 121856K, used 121834K [0x00000000e0000000, 0x00000000e8900000, 0x0000000100000000)
  eden space 111104K, 100% used [0x00000000e0000000,0x00000000e6c80000,0x00000000e6c80000)
  from space 10752K, 99% used [0x00000000e7e80000,0x00000000e88faaa8,0x00000000e8900000)
  to   space 12288K, 0% used [0x00000000e7100000,0x00000000e7100000,0x00000000e7d00000)
 ParOldGen       total 53248K, used 16986K [0x00000000a0000000, 0x00000000a3400000, 0x00000000e0000000)
  object space 53248K, 31% used [0x00000000a0000000,0x00000000a1096940,0x00000000a3400000)
 Metaspace       used 51517K, capacity 53124K, committed 53248K, reserved 1095680K
  class space    used 7027K, capacity 7416K, committed 7424K, reserved 1048576K
Event: 30.483 GC heap after
Heap after GC invocations=15 (full 2):
 PSYoungGen      total 128000K, used 12272K [0x00000000e0000000, 0x00000000ea880000, 0x0000000100000000)
  eden space 115712K, 0% used [0x00000000e0000000,0x00000000e0000000,0x00000000e7100000)
  from space 12288K, 99% used [0x00000000e7100000,0x00000000e7cfc1a0,0x00000000e7d00000)
  to   space 16896K, 0% used [0x00000000e9800000,0x00000000e9800000,0x00000000ea880000)
 ParOldGen       total 53248K, used 23674K [0x00000000a0000000, 0x00000000a3400000, 0x00000000e0000000)
  object space 53248K, 44% used [0x00000000a0000000,0x00000000a171ea80,0x00000000a3400000)
 Metaspace       used 51517K, capacity 53124K, committed 53248K, reserved 1095680K
  class space    used 7027K, capacity 7416K, committed 7424K, reserved 1048576K
}
Event: 36.110 GC heap before
{Heap before GC invocations=16 (full 2):
 PSYoungGen      total 128000K, used 104185K [0x00000000e0000000, 0x00000000ea880000, 0x0000000100000000)
  eden space 115712K, 79% used [0x00000000e0000000,0x00000000e59c2430,0x00000000e7100000)
  from space 12288K, 99% used [0x00000000e7100000,0x00000000e7cfc1a0,0x00000000e7d00000)
  to   space 16896K, 0% used [0x00000000e9800000,0x00000000e9800000,0x00000000ea880000)
 ParOldGen       total 53248K, used 23674K [0x00000000a0000000, 0x00000000a3400000, 0x00000000e0000000)
  object space 53248K, 44% used [0x00000000a0000000,0x00000000a171ea80,0x00000000a3400000)
 Metaspace       used 57202K, capacity 59032K, committed 59096K, reserved 1099776K
  class space    used 7883K, capacity 8349K, committed 8408K, reserved 1048576K
Event: 36.154 GC heap after
Heap after GC invocations=16 (full 2):
 PSYoungGen      total 156160K, used 9221K [0x00000000e0000000, 0x00000000ead80000, 0x0000000100000000)
  eden space 139264K, 0% used [0x00000000e0000000,0x00000000e0000000,0x00000000e8800000)
  from space 16896K, 54% used [0x00000000e9800000,0x00000000ea1017e8,0x00000000ea880000)
  to   space 16384K, 0% used [0x00000000e8800000,0x00000000e8800000,0x00000000e9800000)
 ParOldGen       total 53248K, used 30920K [0x00000000a0000000, 0x00000000a3400000, 0x00000000e0000000)
  object space 53248K, 58% used [0x00000000a0000000,0x00000000a1e32370,0x00000000a3400000)
 Metaspace       used 57202K, capacity 59032K, committed 59096K, reserved 1099776K
  class space    used 7883K, capacity 8349K, committed 8408K, reserved 1048576K
}
Event: 36.154 GC heap before
{Heap before GC invocations=17 (full 3):
 PSYoungGen      total 156160K, used 9221K [0x00000000e0000000, 0x00000000ead80000, 0x0000000100000000)
  eden space 139264K, 0% used [0x00000000e0000000,0x00000000e0000000,0x00000000e8800000)
  from space 16896K, 54% used [0x00000000e9800000,0x00000000ea1017e8,0x00000000ea880000)
  to   space 16384K, 0% used [0x00000000e8800000,0x00000000e8800000,0x00000000e9800000)
 ParOldGen       total 53248K, used 30920K [0x00000000a0000000, 0x00000000a3400000, 0x00000000e0000000)
  object space 53248K, 58% used [0x00000000a0000000,0x00000000a1e32370,0x00000000a3400000)
 Metaspace       used 57202K, capacity 59032K, committed 59096K, reserved 1099776K
  class space    used 7883K, capacity 8349K, committed 8408K, reserved 1048576K
Event: 36.404 GC heap after
Heap after GC invocations=17 (full 3):
 PSYoungGen      total 156160K, used 0K [0x00000000e0000000, 0x00000000ead80000, 0x0000000100000000)
  eden space 139264K, 0% used [0x00000000e0000000,0x00000000e0000000,0x00000000e8800000)
  from space 16896K, 0% used [0x00000000e9800000,0x00000000e9800000,0x00000000ea880000)
  to   space 16384K, 0% used [0x00000000e8800000,0x00000000e8800000,0x00000000e9800000)
 ParOldGen       total 87552K, used 35134K [0x00000000a0000000, 0x00000000a5580000, 0x00000000e0000000)
  object space 87552K, 40% used [0x00000000a0000000,0x00000000a224f888,0x00000000a5580000)
 Metaspace       used 57202K, capacity 59032K, committed 59096K, reserved 1099776K
  class space    used 7883K, capacity 8349K, committed 8408K, reserved 1048576K
}

Deoptimization events (10 events):
Event: 42.646 Thread 0x00000000181d8000 Uncommon trap: reason=unstable_if action=reinterpret pc=0x00000000035fbcac method=com.sun.org.apache.xerces.internal.dom.DeferredDocumentImpl.getNodeType(IZ)S @ 20
Event: 42.646 Thread 0x00000000181d8800 Uncommon trap: reason=unstable_if action=reinterpret pc=0x00000000035fbcac method=com.sun.org.apache.xerces.internal.dom.DeferredDocumentImpl.getNodeType(IZ)S @ 20
Event: 42.646 Thread 0x00000000181dc000 Uncommon trap: reason=unstable_if action=reinterpret pc=0x00000000035fbcac method=com.sun.org.apache.xerces.internal.dom.DeferredDocumentImpl.getNodeType(IZ)S @ 20
Event: 42.646 Thread 0x000000001a1e7800 Uncommon trap: reason=unstable_if action=reinterpret pc=0x00000000035fbcac method=com.sun.org.apache.xerces.internal.dom.DeferredDocumentImpl.getNodeType(IZ)S @ 20
Event: 44.641 Thread 0x000000001a1e7800 Uncommon trap: reason=unstable_if action=reinterpret pc=0x0000000002fb29f0 method=java.lang.AbstractStringBuilder.append(Ljava/lang/String;)Ljava/lang/AbstractStringBuilder; @ 1
Event: 44.895 Thread 0x000000001a1e7800 Uncommon trap: reason=unstable_if action=reinterpret pc=0x000000000368996c method=com.sun.org.apache.xerces.internal.dom.DeferredDocumentImpl.getRealPrevSibling(IZ)I @ 20
Event: 47.983 Thread 0x00000000181d8000 Uncommon trap: reason=unstable_if action=reinterpret pc=0x0000000003d71234 method=java.util.regex.Pattern$Curly.match(Ljava/util/regex/Matcher;ILjava/lang/CharSequence;)Z @ 45
Event: 48.966 Thread 0x000000001a1e7800 Uncommon trap: reason=unstable_if action=reinterpret pc=0x00000000034502fc method=com.esotericsoftware.kryo.io.Input.readString()Ljava/lang/String; @ 38
Event: 49.673 Thread 0x000000001a1e7800 Uncommon trap: reason=unstable_if action=reinterpret pc=0x0000000003e84d28 method=com.esotericsoftware.kryo.io.Input.readVarInt(Z)I @ 42
Event: 49.824 Thread 0x000000001a1e7800 Uncommon trap: reason=unstable_if action=reinterpret pc=0x000000000338b8d8 method=org.gradle.api.internal.attributes.DefaultImmutableAttributes.equals(Ljava/lang/Object;)Z @ 2

Classes redefined (0 events):
No events

Internal exceptions (10 events):
Event: 50.145 Thread 0x000000001a1e7800 Exception <a 'java/lang/ClassNotFoundException': com/android/build/gradle/tasks/MergeResources_DecoratedBeanInfo> (0x00000000e36bf380) thrown at [D:\src\AOSP-openjdk-cygwin\jdk8u\hotspot\src\share\vm\classfile\systemDictionary.cpp, line 210]
Event: 50.146 Thread 0x000000001a1e7800 Exception <a 'java/lang/ClassNotFoundException': com/android/build/gradle/tasks/MergeResourcesBeanInfo> (0x00000000e36d9570) thrown at [D:\src\AOSP-openjdk-cygwin\jdk8u\hotspot\src\share\vm\classfile\systemDictionary.cpp, line 210]
Event: 50.146 Thread 0x000000001a1e7800 Exception <a 'java/lang/ClassNotFoundException': com/android/build/gradle/tasks/ResourceAwareTaskBeanInfo> (0x00000000e36f42c0) thrown at [D:\src\AOSP-openjdk-cygwin\jdk8u\hotspot\src\share\vm\classfile\systemDictionary.cpp, line 210]
Event: 50.147 Thread 0x000000001a1e7800 Exception <a 'java/lang/ClassNotFoundException': com/android/build/gradle/internal/tasks/IncrementalTaskBeanInfo> (0x00000000e3711048) thrown at [D:\src\AOSP-openjdk-cygwin\jdk8u\hotspot\src\share\vm\classfile\systemDictionary.cpp, line 210]
Event: 50.147 Thread 0x000000001a1e7800 Exception <a 'java/lang/ClassNotFoundException': com/android/build/gradle/internal/tasks/AndroidVariantTaskBeanInfo> (0x00000000e372edc0) thrown at [D:\src\AOSP-openjdk-cygwin\jdk8u\hotspot\src\share\vm\classfile\systemDictionary.cpp, line 210]
Event: 50.148 Thread 0x000000001a1e7800 Exception <a 'java/lang/ClassNotFoundException': com/android/build/gradle/internal/tasks/AndroidVariantTaskCustomizer> (0x00000000e374d920) thrown at [D:\src\AOSP-openjdk-cygwin\jdk8u\hotspot\src\share\vm\classfile\systemDictionary.cpp, line 210]
Event: 50.149 Thread 0x000000001a1e7800 Exception <a 'java/lang/ClassNotFoundException': com/android/build/gradle/internal/tasks/IncrementalTaskCustomizer> (0x00000000e3781260) thrown at [D:\src\AOSP-openjdk-cygwin\jdk8u\hotspot\src\share\vm\classfile\systemDictionary.cpp, line 210]
Event: 50.150 Thread 0x000000001a1e7800 Exception <a 'java/lang/ClassNotFoundException': com/android/build/gradle/tasks/ResourceAwareTaskCustomizer> (0x00000000e37af9d8) thrown at [D:\src\AOSP-openjdk-cygwin\jdk8u\hotspot\src\share\vm\classfile\systemDictionary.cpp, line 210]
Event: 50.152 Thread 0x000000001a1e7800 Exception <a 'java/lang/ClassNotFoundException': com/android/build/gradle/tasks/MergeResourcesCustomizer> (0x00000000e37e9f78) thrown at [D:\src\AOSP-openjdk-cygwin\jdk8u\hotspot\src\share\vm\classfile\systemDictionary.cpp, line 210]
Event: 50.154 Thread 0x000000001a1e7800 Exception <a 'java/lang/ClassNotFoundException': com/android/build/gradle/tasks/MergeResources_DecoratedCustomizer> (0x00000000e3834fe0) thrown at [D:\src\AOSP-openjdk-cygwin\jdk8u\hotspot\src\share\vm\classfile\systemDictionary.cpp, line 210]

Events (10 events):
Event: 50.156 loading class com/android/ide/common/workers/WorkerExecutorFacade$Configuration
Event: 50.156 loading class com/android/ide/common/workers/WorkerExecutorFacade$Configuration done
Event: 50.161 loading class org/gradle/api/artifacts/component/ProjectComponentIdentifier
Event: 50.161 loading class org/gradle/api/artifacts/component/ProjectComponentIdentifier done
Event: 50.195 Executing VM operation: CollectForMetadataAllocation
Event: 50.195 Executing VM operation: CollectForMetadataAllocation done
Event: 50.196 Thread 0x000000001a1e7800 DEOPT PACKING pc=0x0000000003b6d6ea sp=0x000000001bcda1a0
Event: 50.196 Thread 0x000000001a1e7800 DEOPT UNPACKING pc=0x0000000002dc75d0 sp=0x000000001bcd9fd8 mode 0
Event: 50.198 loading class com/android/build/gradle/tasks/CompatibleScreensManifest$CreationAction$configure$1
Event: 50.199 loading class com/android/build/gradle/tasks/CompatibleScreensManifest$CreationAction$configure$1 done


Dynamic libraries:
0x00007ff669890000 - 0x00007ff6698c1000 	C:\Program Files\Android\Android Studio\jre\bin\java.exe
0x00007fff42160000 - 0x00007fff42321000 	C:\Windows\SYSTEM32\ntdll.dll
0x00007fff41ed0000 - 0x00007fff41f7d000 	C:\Windows\system32\KERNEL32.DLL
0x00007fff3f370000 - 0x00007fff3f558000 	C:\Windows\system32\KERNELBASE.dll
0x00007fff41db0000 - 0x00007fff41e57000 	C:\Windows\system32\ADVAPI32.dll
0x00007fff41f80000 - 0x00007fff4201d000 	C:\Windows\system32\msvcrt.dll
0x00007fff40170000 - 0x00007fff401cb000 	C:\Windows\system32\sechost.dll
0x00007fff41c90000 - 0x00007fff41dac000 	C:\Windows\system32\RPCRT4.dll
0x00007fff41800000 - 0x00007fff41956000 	C:\Windows\system32\USER32.dll
0x00007fff3fc60000 - 0x00007fff3fde6000 	C:\Windows\system32\GDI32.dll
0x00007fff2fe00000 - 0x00007fff30074000 	C:\Windows\WinSxS\amd64_microsoft.windows.common-controls_6595b64144ccf1df_6.0.10586.494_none_a2d8b04ea53e3145\COMCTL32.dll
0x00007fff41a10000 - 0x00007fff41c8d000 	C:\Windows\system32\combase.dll
0x00007fff3e810000 - 0x00007fff3e87a000 	C:\Windows\system32\bcryptPrimitives.dll
0x00007fff41970000 - 0x00007fff419ab000 	C:\Windows\system32\IMM32.DLL
0x0000000076d10000 - 0x0000000076de2000 	C:\Program Files\Android\Android Studio\jre\jre\bin\msvcr100.dll
0x0000000076df0000 - 0x0000000077636000 	C:\Program Files\Android\Android Studio\jre\jre\bin\server\jvm.dll
0x00007fff41960000 - 0x00007fff41968000 	C:\Windows\system32\PSAPI.DLL
0x00007fff3ceb0000 - 0x00007fff3ced3000 	C:\Windows\SYSTEM32\WINMM.dll
0x00007fff3cf10000 - 0x00007fff3cf19000 	C:\Windows\SYSTEM32\WSOCK32.dll
0x00007fff3ae70000 - 0x00007fff3ae7a000 	C:\Windows\SYSTEM32\VERSION.dll
0x00007fff420f0000 - 0x00007fff4215b000 	C:\Windows\system32\WS2_32.dll
0x0000000000f50000 - 0x0000000000f7c000 	C:\Windows\SYSTEM32\WINMMBASE.dll
0x00007fff3f1e0000 - 0x00007fff3f223000 	C:\Windows\system32\cfgmgr32.dll
0x00007fff3cf00000 - 0x00007fff3cf0f000 	C:\Program Files\Android\Android Studio\jre\jre\bin\verify.dll
0x00007fff3adc0000 - 0x00007fff3ade9000 	C:\Program Files\Android\Android Studio\jre\jre\bin\java.dll
0x00007fff3a3e0000 - 0x00007fff3a3f6000 	C:\Program Files\Android\Android Studio\jre\jre\bin\zip.dll
0x00007fff40280000 - 0x00007fff417dc000 	C:\Windows\system32\SHELL32.dll
0x00007fff3eb90000 - 0x00007fff3f1d5000 	C:\Windows\system32\windows.storage.dll
0x00007fff3fdf0000 - 0x00007fff3fe42000 	C:\Windows\system32\shlwapi.dll
0x00007fff3e780000 - 0x00007fff3e78f000 	C:\Windows\system32\kernel.appcore.dll
0x00007fff3ead0000 - 0x00007fff3eb85000 	C:\Windows\system32\shcore.dll
0x00007fff3e7c0000 - 0x00007fff3e80b000 	C:\Windows\system32\powrprof.dll
0x00007fff3e7a0000 - 0x00007fff3e7b4000 	C:\Windows\system32\profapi.dll
0x00007fff3a3c0000 - 0x00007fff3a3da000 	C:\Program Files\Android\Android Studio\jre\jre\bin\net.dll
0x00007fff3e050000 - 0x00007fff3e0ac000 	C:\Windows\system32\mswsock.dll
0x00007fff3a370000 - 0x00007fff3a381000 	C:\Program Files\Android\Android Studio\jre\jre\bin\nio.dll
0x00007fff2e630000 - 0x00007fff2e656000 	C:\Users\Al-Jadeed Cute\.gradle\native\30\windows-amd64\native-platform.dll
0x00007fff3adb0000 - 0x00007fff3adbd000 	C:\Program Files\Android\Android Studio\jre\jre\bin\management.dll
0x00007fff3e100000 - 0x00007fff3e117000 	C:\Windows\SYSTEM32\CRYPTSP.dll
0x00007fff3dd90000 - 0x00007fff3ddc4000 	C:\Windows\system32\rsaenh.dll
0x00007fff3e6b0000 - 0x00007fff3e6d9000 	C:\Windows\SYSTEM32\bcrypt.dll
0x00007fff3dee0000 - 0x00007fff3deff000 	C:\Windows\SYSTEM32\USERENV.dll
0x00007fff3e220000 - 0x00007fff3e22b000 	C:\Windows\SYSTEM32\CRYPTBASE.dll
0x00007fff3bdf0000 - 0x00007fff3be28000 	C:\Windows\SYSTEM32\IPHLPAPI.DLL
0x00007fff3fc50000 - 0x00007fff3fc58000 	C:\Windows\system32\NSI.dll
0x00007fff393f0000 - 0x00007fff39406000 	C:\Windows\SYSTEM32\dhcpcsvc6.DLL
0x00007fff394b0000 - 0x00007fff394ca000 	C:\Windows\SYSTEM32\dhcpcsvc.DLL
0x00007fff32e10000 - 0x00007fff32e34000 	C:\Program Files\Android\Android Studio\jre\jre\bin\sunec.dll
0x00007fff3d100000 - 0x00007fff3d1aa000 	C:\Windows\SYSTEM32\DNSAPI.dll
0x00007fff30800000 - 0x00007fff3080a000 	C:\Windows\System32\rasadhlp.dll
0x00007fff39420000 - 0x00007fff39487000 	C:\Windows\System32\fwpuclnt.dll
0x00007fff3a3a0000 - 0x00007fff3a3ab000 	C:\Program Files\Android\Android Studio\jre\jre\bin\sunmscapi.dll
0x00007fff3e880000 - 0x00007fff3ea48000 	C:\Windows\system32\CRYPT32.dll
0x00007fff3e790000 - 0x00007fff3e7a0000 	C:\Windows\system32\MSASN1.dll

VM Arguments:
jvm_args: -Xmx1536m -Dfile.encoding=windows-1252 -Duser.country=US -Duser.language=en -Duser.variant 
java_command: org.gradle.launcher.daemon.bootstrap.GradleDaemon 5.6.4
java_class_path (initial): C:\Users\Al-Jadeed Cute\.gradle\wrapper\dists\gradle-5.6.4-all\ankdp27end7byghfw1q2sw75f\gradle-5.6.4\lib\gradle-launcher-5.6.4.jar
Launcher Type: SUN_STANDARD

Environment Variables:
PATH=C:\Windows\system32;C:\Windows;C:\Windows\System32\Wbem;C:\Windows\System32\WindowsPowerShell\v1.0\;C:\Program Files\Microsoft\Web Platform Installer\;C:\Program Files (x86)\Microsoft ASP.NET\ASP.NET Web Pages\v1.0\;C:\Program Files (x86)\Windows Kits\8.0\Windows Performance Toolkit\;C:\Program Files\Microsoft SQL Server\110\Tools\Binn\;C:\Program Files\Git\cmd;C:\Users\Al-Jadeed Cute\AppData\Local\Programs\Python\Python36;C:\Users\Al-Jadeed Cute\AppData\Local\Programs\Python\Python36\Scripts
USERNAME=Al-Jadeed Cute
OS=Windows_NT
PROCESSOR_IDENTIFIER=Intel64 Family 6 Model 142 Stepping 9, GenuineIntel



---------------  S Y S T E M  ---------------

OS: Windows 10.0 , 64 bit Build 10586 (10.0.10586.0)

CPU:total 4 (initial active 4) (2 cores per cpu, 2 threads per core) family 6 model 142 stepping 9, cmov, cx8, fxsr, mmx, sse, sse2, sse3, ssse3, sse4.1, sse4.2, popcnt, avx, avx2, aes, clmul, erms, 3dnowpref, lzcnt, ht, tsc, tscinvbit, bmi1, bmi2, adx

Memory: 4k page, physical 4067556k(703844k free), swap 16650468k(3188k free)

vm_info: OpenJDK 64-Bit Server VM (25.202-b03) for windows-amd64 JRE (1.8.0_202-release-1483-b03), built by "builder" with MS VC++ 10.0 (VS2010)

time: Sun May 31 20:08:30 2020
timezone: Pacific Daylight Time
elapsed time: 50 seconds (0d 0h 0m 50s)

